<?xml version="1.0" encoding="UTF-8"?>
<!-- Generated by org.testng.reporters.JUnitReportReporter -->
<testsuite skipped="0" hostname="DESKTOP-BN0SG4N" name="tests.TestClass" tests="3" failures="0" timestamp="2020-09-29T09:52:56 EDT" time="250.165" errors="0">
  <testcase name="makePaymentTest" time="73.522" classname="tests.TestClass"/>
  <testcase name="makePaymentTest" time="113.258" classname="tests.TestClass"/>
  <testcase name="makePaymentTest" time="63.385" classname="tests.TestClass"/>
</testsuite> <!-- tests.TestClass -->
